Start testing: Mar 07 23:20 CET
----------------------------------------------------------
1/24 Testing: EmptyTree.InsertNode
1/24 Test: EmptyTree.InsertNode
Command: "/mnt/d/prayforthatshit/ivs/ivs_project_1_2021/assignment/build/black_box_test" "--gtest_filter=EmptyTree.InsertNode"
Directory: /mnt/d/prayforthatshit/ivs/ivs_project_1_2021/assignment/build
"EmptyTree.InsertNode" start time: Mar 07 23:20 CET
Output:
----------------------------------------------------------
Running main() from /mnt/d/prayforthatshit/ivs/ivs_project_1_2021/assignment/build/googletest-master/googletest/src/gtest_main.cc
Note: Google Test filter = EmptyTree.InsertNode
[==========] Running 1 test from 1 test suite.
[----------] Global test environment set-up.
[----------] 1 test from EmptyTree
[ RUN      ] EmptyTree.InsertNode
[       OK ] EmptyTree.InsertNode (0 ms)
[----------] 1 test from EmptyTree (0 ms total)

[----------] Global test environment tear-down
[==========] 1 test from 1 test suite ran. (1 ms total)
[  PASSED  ] 1 test.
<end of output>
Test time =   0.14 sec
----------------------------------------------------------
Test Passed.
"EmptyTree.InsertNode" end time: Mar 07 23:20 CET
"EmptyTree.InsertNode" time elapsed: 00:00:00
----------------------------------------------------------

2/24 Testing: EmptyTree.DeleteNode
2/24 Test: EmptyTree.DeleteNode
Command: "/mnt/d/prayforthatshit/ivs/ivs_project_1_2021/assignment/build/black_box_test" "--gtest_filter=EmptyTree.DeleteNode"
Directory: /mnt/d/prayforthatshit/ivs/ivs_project_1_2021/assignment/build
"EmptyTree.DeleteNode" start time: Mar 07 23:20 CET
Output:
----------------------------------------------------------
Running main() from /mnt/d/prayforthatshit/ivs/ivs_project_1_2021/assignment/build/googletest-master/googletest/src/gtest_main.cc
Note: Google Test filter = EmptyTree.DeleteNode
[==========] Running 1 test from 1 test suite.
[----------] Global test environment set-up.
[----------] 1 test from EmptyTree
[ RUN      ] EmptyTree.DeleteNode
[       OK ] EmptyTree.DeleteNode (0 ms)
[----------] 1 test from EmptyTree (0 ms total)

[----------] Global test environment tear-down
[==========] 1 test from 1 test suite ran. (0 ms total)
[  PASSED  ] 1 test.
<end of output>
Test time =   0.08 sec
----------------------------------------------------------
Test Passed.
"EmptyTree.DeleteNode" end time: Mar 07 23:20 CET
"EmptyTree.DeleteNode" time elapsed: 00:00:00
----------------------------------------------------------

3/24 Testing: EmptyTree.FindNode
3/24 Test: EmptyTree.FindNode
Command: "/mnt/d/prayforthatshit/ivs/ivs_project_1_2021/assignment/build/black_box_test" "--gtest_filter=EmptyTree.FindNode"
Directory: /mnt/d/prayforthatshit/ivs/ivs_project_1_2021/assignment/build
"EmptyTree.FindNode" start time: Mar 07 23:20 CET
Output:
----------------------------------------------------------
Running main() from /mnt/d/prayforthatshit/ivs/ivs_project_1_2021/assignment/build/googletest-master/googletest/src/gtest_main.cc
Note: Google Test filter = EmptyTree.FindNode
[==========] Running 1 test from 1 test suite.
[----------] Global test environment set-up.
[----------] 1 test from EmptyTree
[ RUN      ] EmptyTree.FindNode
[       OK ] EmptyTree.FindNode (0 ms)
[----------] 1 test from EmptyTree (0 ms total)

[----------] Global test environment tear-down
[==========] 1 test from 1 test suite ran. (0 ms total)
[  PASSED  ] 1 test.
<end of output>
Test time =   0.09 sec
----------------------------------------------------------
Test Passed.
"EmptyTree.FindNode" end time: Mar 07 23:20 CET
"EmptyTree.FindNode" time elapsed: 00:00:00
----------------------------------------------------------

4/24 Testing: NonEmptyTree.InsertNode
4/24 Test: NonEmptyTree.InsertNode
Command: "/mnt/d/prayforthatshit/ivs/ivs_project_1_2021/assignment/build/black_box_test" "--gtest_filter=NonEmptyTree.InsertNode"
Directory: /mnt/d/prayforthatshit/ivs/ivs_project_1_2021/assignment/build
"NonEmptyTree.InsertNode" start time: Mar 07 23:20 CET
Output:
----------------------------------------------------------
Running main() from /mnt/d/prayforthatshit/ivs/ivs_project_1_2021/assignment/build/googletest-master/googletest/src/gtest_main.cc
Note: Google Test filter = NonEmptyTree.InsertNode
[==========] Running 1 test from 1 test suite.
[----------] Global test environment set-up.
[----------] 1 test from NonEmptyTree
[ RUN      ] NonEmptyTree.InsertNode
[       OK ] NonEmptyTree.InsertNode (0 ms)
[----------] 1 test from NonEmptyTree (0 ms total)

[----------] Global test environment tear-down
[==========] 1 test from 1 test suite ran. (0 ms total)
[  PASSED  ] 1 test.
<end of output>
Test time =   0.08 sec
----------------------------------------------------------
Test Passed.
"NonEmptyTree.InsertNode" end time: Mar 07 23:20 CET
"NonEmptyTree.InsertNode" time elapsed: 00:00:00
----------------------------------------------------------

5/24 Testing: NonEmptyTree.DeleteNode
5/24 Test: NonEmptyTree.DeleteNode
Command: "/mnt/d/prayforthatshit/ivs/ivs_project_1_2021/assignment/build/black_box_test" "--gtest_filter=NonEmptyTree.DeleteNode"
Directory: /mnt/d/prayforthatshit/ivs/ivs_project_1_2021/assignment/build
"NonEmptyTree.DeleteNode" start time: Mar 07 23:20 CET
Output:
----------------------------------------------------------
Running main() from /mnt/d/prayforthatshit/ivs/ivs_project_1_2021/assignment/build/googletest-master/googletest/src/gtest_main.cc
Note: Google Test filter = NonEmptyTree.DeleteNode
[==========] Running 1 test from 1 test suite.
[----------] Global test environment set-up.
[----------] 1 test from NonEmptyTree
[ RUN      ] NonEmptyTree.DeleteNode
[       OK ] NonEmptyTree.DeleteNode (0 ms)
[----------] 1 test from NonEmptyTree (0 ms total)

[----------] Global test environment tear-down
[==========] 1 test from 1 test suite ran. (0 ms total)
[  PASSED  ] 1 test.
<end of output>
Test time =   0.09 sec
----------------------------------------------------------
Test Passed.
"NonEmptyTree.DeleteNode" end time: Mar 07 23:20 CET
"NonEmptyTree.DeleteNode" time elapsed: 00:00:00
----------------------------------------------------------

6/24 Testing: NonEmptyTree.FindNode
6/24 Test: NonEmptyTree.FindNode
Command: "/mnt/d/prayforthatshit/ivs/ivs_project_1_2021/assignment/build/black_box_test" "--gtest_filter=NonEmptyTree.FindNode"
Directory: /mnt/d/prayforthatshit/ivs/ivs_project_1_2021/assignment/build
"NonEmptyTree.FindNode" start time: Mar 07 23:20 CET
Output:
----------------------------------------------------------
Running main() from /mnt/d/prayforthatshit/ivs/ivs_project_1_2021/assignment/build/googletest-master/googletest/src/gtest_main.cc
Note: Google Test filter = NonEmptyTree.FindNode
[==========] Running 1 test from 1 test suite.
[----------] Global test environment set-up.
[----------] 1 test from NonEmptyTree
[ RUN      ] NonEmptyTree.FindNode
[       OK ] NonEmptyTree.FindNode (0 ms)
[----------] 1 test from NonEmptyTree (0 ms total)

[----------] Global test environment tear-down
[==========] 1 test from 1 test suite ran. (0 ms total)
[  PASSED  ] 1 test.
<end of output>
Test time =   0.09 sec
----------------------------------------------------------
Test Passed.
"NonEmptyTree.FindNode" end time: Mar 07 23:20 CET
"NonEmptyTree.FindNode" time elapsed: 00:00:00
----------------------------------------------------------

7/24 Testing: NonEmptyMatrix.Set
7/24 Test: NonEmptyMatrix.Set
Command: "/mnt/d/prayforthatshit/ivs/ivs_project_1_2021/assignment/build/white_box_test" "--gtest_filter=NonEmptyMatrix.Set"
Directory: /mnt/d/prayforthatshit/ivs/ivs_project_1_2021/assignment/build
"NonEmptyMatrix.Set" start time: Mar 07 23:20 CET
Output:
----------------------------------------------------------
Running main() from /mnt/d/prayforthatshit/ivs/ivs_project_1_2021/assignment/build/googletest-master/googletest/src/gtest_main.cc
Note: Google Test filter = NonEmptyMatrix.Set
[==========] Running 1 test from 1 test suite.
[----------] Global test environment set-up.
[----------] 1 test from NonEmptyMatrix
[ RUN      ] NonEmptyMatrix.Set
[       OK ] NonEmptyMatrix.Set (0 ms)
[----------] 1 test from NonEmptyMatrix (0 ms total)

[----------] Global test environment tear-down
[==========] 1 test from 1 test suite ran. (0 ms total)
[  PASSED  ] 1 test.
<end of output>
Test time =   0.09 sec
----------------------------------------------------------
Test Passed.
"NonEmptyMatrix.Set" end time: Mar 07 23:20 CET
"NonEmptyMatrix.Set" time elapsed: 00:00:00
----------------------------------------------------------

8/24 Testing: NonEmptyMatrix.Get
8/24 Test: NonEmptyMatrix.Get
Command: "/mnt/d/prayforthatshit/ivs/ivs_project_1_2021/assignment/build/white_box_test" "--gtest_filter=NonEmptyMatrix.Get"
Directory: /mnt/d/prayforthatshit/ivs/ivs_project_1_2021/assignment/build
"NonEmptyMatrix.Get" start time: Mar 07 23:20 CET
Output:
----------------------------------------------------------
Running main() from /mnt/d/prayforthatshit/ivs/ivs_project_1_2021/assignment/build/googletest-master/googletest/src/gtest_main.cc
Note: Google Test filter = NonEmptyMatrix.Get
[==========] Running 1 test from 1 test suite.
[----------] Global test environment set-up.
[----------] 1 test from NonEmptyMatrix
[ RUN      ] NonEmptyMatrix.Get
[       OK ] NonEmptyMatrix.Get (1 ms)
[----------] 1 test from NonEmptyMatrix (1 ms total)

[----------] Global test environment tear-down
[==========] 1 test from 1 test suite ran. (1 ms total)
[  PASSED  ] 1 test.
<end of output>
Test time =   0.09 sec
----------------------------------------------------------
Test Passed.
"NonEmptyMatrix.Get" end time: Mar 07 23:20 CET
"NonEmptyMatrix.Get" time elapsed: 00:00:00
----------------------------------------------------------

9/24 Testing: NonEmptyMatrix.OperatorEqual
9/24 Test: NonEmptyMatrix.OperatorEqual
Command: "/mnt/d/prayforthatshit/ivs/ivs_project_1_2021/assignment/build/white_box_test" "--gtest_filter=NonEmptyMatrix.OperatorEqual"
Directory: /mnt/d/prayforthatshit/ivs/ivs_project_1_2021/assignment/build
"NonEmptyMatrix.OperatorEqual" start time: Mar 07 23:20 CET
Output:
----------------------------------------------------------
Running main() from /mnt/d/prayforthatshit/ivs/ivs_project_1_2021/assignment/build/googletest-master/googletest/src/gtest_main.cc
Note: Google Test filter = NonEmptyMatrix.OperatorEqual
[==========] Running 1 test from 1 test suite.
[----------] Global test environment set-up.
[----------] 1 test from NonEmptyMatrix
[ RUN      ] NonEmptyMatrix.OperatorEqual
[       OK ] NonEmptyMatrix.OperatorEqual (1 ms)
[----------] 1 test from NonEmptyMatrix (1 ms total)

[----------] Global test environment tear-down
[==========] 1 test from 1 test suite ran. (1 ms total)
[  PASSED  ] 1 test.
<end of output>
Test time =   0.09 sec
----------------------------------------------------------
Test Passed.
"NonEmptyMatrix.OperatorEqual" end time: Mar 07 23:20 CET
"NonEmptyMatrix.OperatorEqual" time elapsed: 00:00:00
----------------------------------------------------------

10/24 Testing: NonEmptyMatrix.OperatorPlus
10/24 Test: NonEmptyMatrix.OperatorPlus
Command: "/mnt/d/prayforthatshit/ivs/ivs_project_1_2021/assignment/build/white_box_test" "--gtest_filter=NonEmptyMatrix.OperatorPlus"
Directory: /mnt/d/prayforthatshit/ivs/ivs_project_1_2021/assignment/build
"NonEmptyMatrix.OperatorPlus" start time: Mar 07 23:20 CET
Output:
----------------------------------------------------------
Running main() from /mnt/d/prayforthatshit/ivs/ivs_project_1_2021/assignment/build/googletest-master/googletest/src/gtest_main.cc
Note: Google Test filter = NonEmptyMatrix.OperatorPlus
[==========] Running 1 test from 1 test suite.
[----------] Global test environment set-up.
[----------] 1 test from NonEmptyMatrix
[ RUN      ] NonEmptyMatrix.OperatorPlus
[       OK ] NonEmptyMatrix.OperatorPlus (1 ms)
[----------] 1 test from NonEmptyMatrix (1 ms total)

[----------] Global test environment tear-down
[==========] 1 test from 1 test suite ran. (1 ms total)
[  PASSED  ] 1 test.
<end of output>
Test time =   0.09 sec
----------------------------------------------------------
Test Passed.
"NonEmptyMatrix.OperatorPlus" end time: Mar 07 23:20 CET
"NonEmptyMatrix.OperatorPlus" time elapsed: 00:00:00
----------------------------------------------------------

11/24 Testing: NonEmptyMatrix.OperatorMultiply
11/24 Test: NonEmptyMatrix.OperatorMultiply
Command: "/mnt/d/prayforthatshit/ivs/ivs_project_1_2021/assignment/build/white_box_test" "--gtest_filter=NonEmptyMatrix.OperatorMultiply"
Directory: /mnt/d/prayforthatshit/ivs/ivs_project_1_2021/assignment/build
"NonEmptyMatrix.OperatorMultiply" start time: Mar 07 23:20 CET
Output:
----------------------------------------------------------
Running main() from /mnt/d/prayforthatshit/ivs/ivs_project_1_2021/assignment/build/googletest-master/googletest/src/gtest_main.cc
Note: Google Test filter = NonEmptyMatrix.OperatorMultiply
[==========] Running 1 test from 1 test suite.
[----------] Global test environment set-up.
[----------] 1 test from NonEmptyMatrix
[ RUN      ] NonEmptyMatrix.OperatorMultiply
[       OK ] NonEmptyMatrix.OperatorMultiply (0 ms)
[----------] 1 test from NonEmptyMatrix (1 ms total)

[----------] Global test environment tear-down
[==========] 1 test from 1 test suite ran. (1 ms total)
[  PASSED  ] 1 test.
<end of output>
Test time =   0.09 sec
----------------------------------------------------------
Test Passed.
"NonEmptyMatrix.OperatorMultiply" end time: Mar 07 23:20 CET
"NonEmptyMatrix.OperatorMultiply" time elapsed: 00:00:00
----------------------------------------------------------

12/24 Testing: NonEmptyMatrix.OperatorMultiplyConstant
12/24 Test: NonEmptyMatrix.OperatorMultiplyConstant
Command: "/mnt/d/prayforthatshit/ivs/ivs_project_1_2021/assignment/build/white_box_test" "--gtest_filter=NonEmptyMatrix.OperatorMultiplyConstant"
Directory: /mnt/d/prayforthatshit/ivs/ivs_project_1_2021/assignment/build
"NonEmptyMatrix.OperatorMultiplyConstant" start time: Mar 07 23:20 CET
Output:
----------------------------------------------------------
Running main() from /mnt/d/prayforthatshit/ivs/ivs_project_1_2021/assignment/build/googletest-master/googletest/src/gtest_main.cc
Note: Google Test filter = NonEmptyMatrix.OperatorMultiplyConstant
[==========] Running 1 test from 1 test suite.
[----------] Global test environment set-up.
[----------] 1 test from NonEmptyMatrix
[ RUN      ] NonEmptyMatrix.OperatorMultiplyConstant
[       OK ] NonEmptyMatrix.OperatorMultiplyConstant (1 ms)
[----------] 1 test from NonEmptyMatrix (1 ms total)

[----------] Global test environment tear-down
[==========] 1 test from 1 test suite ran. (1 ms total)
[  PASSED  ] 1 test.
<end of output>
Test time =   0.09 sec
----------------------------------------------------------
Test Passed.
"NonEmptyMatrix.OperatorMultiplyConstant" end time: Mar 07 23:20 CET
"NonEmptyMatrix.OperatorMultiplyConstant" time elapsed: 00:00:00
----------------------------------------------------------

13/24 Testing: NonEmptyMatrix.SolveEquation
13/24 Test: NonEmptyMatrix.SolveEquation
Command: "/mnt/d/prayforthatshit/ivs/ivs_project_1_2021/assignment/build/white_box_test" "--gtest_filter=NonEmptyMatrix.SolveEquation"
Directory: /mnt/d/prayforthatshit/ivs/ivs_project_1_2021/assignment/build
"NonEmptyMatrix.SolveEquation" start time: Mar 07 23:20 CET
Output:
----------------------------------------------------------
Running main() from /mnt/d/prayforthatshit/ivs/ivs_project_1_2021/assignment/build/googletest-master/googletest/src/gtest_main.cc
Note: Google Test filter = NonEmptyMatrix.SolveEquation
[==========] Running 1 test from 1 test suite.
[----------] Global test environment set-up.
[----------] 1 test from NonEmptyMatrix
[ RUN      ] NonEmptyMatrix.SolveEquation
[       OK ] NonEmptyMatrix.SolveEquation (1 ms)
[----------] 1 test from NonEmptyMatrix (1 ms total)

[----------] Global test environment tear-down
[==========] 1 test from 1 test suite ran. (1 ms total)
[  PASSED  ] 1 test.
<end of output>
Test time =   0.09 sec
----------------------------------------------------------
Test Passed.
"NonEmptyMatrix.SolveEquation" end time: Mar 07 23:20 CET
"NonEmptyMatrix.SolveEquation" time elapsed: 00:00:00
----------------------------------------------------------

14/24 Testing: NonEmptyMatrix.Transpose
14/24 Test: NonEmptyMatrix.Transpose
Command: "/mnt/d/prayforthatshit/ivs/ivs_project_1_2021/assignment/build/white_box_test" "--gtest_filter=NonEmptyMatrix.Transpose"
Directory: /mnt/d/prayforthatshit/ivs/ivs_project_1_2021/assignment/build
"NonEmptyMatrix.Transpose" start time: Mar 07 23:20 CET
Output:
----------------------------------------------------------
Running main() from /mnt/d/prayforthatshit/ivs/ivs_project_1_2021/assignment/build/googletest-master/googletest/src/gtest_main.cc
Note: Google Test filter = NonEmptyMatrix.Transpose
[==========] Running 1 test from 1 test suite.
[----------] Global test environment set-up.
[----------] 1 test from NonEmptyMatrix
[ RUN      ] NonEmptyMatrix.Transpose
[       OK ] NonEmptyMatrix.Transpose (0 ms)
[----------] 1 test from NonEmptyMatrix (0 ms total)

[----------] Global test environment tear-down
[==========] 1 test from 1 test suite ran. (0 ms total)
[  PASSED  ] 1 test.
<end of output>
Test time =   0.08 sec
----------------------------------------------------------
Test Passed.
"NonEmptyMatrix.Transpose" end time: Mar 07 23:20 CET
"NonEmptyMatrix.Transpose" time elapsed: 00:00:00
----------------------------------------------------------

15/24 Testing: NonEmptyMatrix.Inverse
15/24 Test: NonEmptyMatrix.Inverse
Command: "/mnt/d/prayforthatshit/ivs/ivs_project_1_2021/assignment/build/white_box_test" "--gtest_filter=NonEmptyMatrix.Inverse"
Directory: /mnt/d/prayforthatshit/ivs/ivs_project_1_2021/assignment/build
"NonEmptyMatrix.Inverse" start time: Mar 07 23:20 CET
Output:
----------------------------------------------------------
Running main() from /mnt/d/prayforthatshit/ivs/ivs_project_1_2021/assignment/build/googletest-master/googletest/src/gtest_main.cc
Note: Google Test filter = NonEmptyMatrix.Inverse
[==========] Running 1 test from 1 test suite.
[----------] Global test environment set-up.
[----------] 1 test from NonEmptyMatrix
[ RUN      ] NonEmptyMatrix.Inverse
[       OK ] NonEmptyMatrix.Inverse (1 ms)
[----------] 1 test from NonEmptyMatrix (1 ms total)

[----------] Global test environment tear-down
[==========] 1 test from 1 test suite ran. (1 ms total)
[  PASSED  ] 1 test.
<end of output>
Test time =   0.09 sec
----------------------------------------------------------
Test Passed.
"NonEmptyMatrix.Inverse" end time: Mar 07 23:20 CET
"NonEmptyMatrix.Inverse" time elapsed: 00:00:00
----------------------------------------------------------

16/24 Testing: NonEmptyQueue.Insert
16/24 Test: NonEmptyQueue.Insert
Command: "/mnt/d/prayforthatshit/ivs/ivs_project_1_2021/assignment/build/tdd_test" "--gtest_filter=NonEmptyQueue.Insert"
Directory: /mnt/d/prayforthatshit/ivs/ivs_project_1_2021/assignment/build
"NonEmptyQueue.Insert" start time: Mar 07 23:20 CET
Output:
----------------------------------------------------------
Running main() from /mnt/d/prayforthatshit/ivs/ivs_project_1_2021/assignment/build/googletest-master/googletest/src/gtest_main.cc
Note: Google Test filter = NonEmptyQueue.Insert
[==========] Running 1 test from 1 test suite.
[----------] Global test environment set-up.
[----------] 1 test from NonEmptyQueue
[ RUN      ] NonEmptyQueue.Insert
[       OK ] NonEmptyQueue.Insert (0 ms)
[----------] 1 test from NonEmptyQueue (0 ms total)

[----------] Global test environment tear-down
[==========] 1 test from 1 test suite ran. (0 ms total)
[  PASSED  ] 1 test.
<end of output>
Test time =   0.14 sec
----------------------------------------------------------
Test Passed.
"NonEmptyQueue.Insert" end time: Mar 07 23:20 CET
"NonEmptyQueue.Insert" time elapsed: 00:00:00
----------------------------------------------------------

17/24 Testing: NonEmptyQueue.RemoveAllBackward
17/24 Test: NonEmptyQueue.RemoveAllBackward
Command: "/mnt/d/prayforthatshit/ivs/ivs_project_1_2021/assignment/build/tdd_test" "--gtest_filter=NonEmptyQueue.RemoveAllBackward"
Directory: /mnt/d/prayforthatshit/ivs/ivs_project_1_2021/assignment/build
"NonEmptyQueue.RemoveAllBackward" start time: Mar 07 23:20 CET
Output:
----------------------------------------------------------
Running main() from /mnt/d/prayforthatshit/ivs/ivs_project_1_2021/assignment/build/googletest-master/googletest/src/gtest_main.cc
Note: Google Test filter = NonEmptyQueue.RemoveAllBackward
[==========] Running 1 test from 1 test suite.
[----------] Global test environment set-up.
[----------] 1 test from NonEmptyQueue
[ RUN      ] NonEmptyQueue.RemoveAllBackward
[       OK ] NonEmptyQueue.RemoveAllBackward (0 ms)
[----------] 1 test from NonEmptyQueue (0 ms total)

[----------] Global test environment tear-down
[==========] 1 test from 1 test suite ran. (0 ms total)
[  PASSED  ] 1 test.
<end of output>
Test time =   0.08 sec
----------------------------------------------------------
Test Passed.
"NonEmptyQueue.RemoveAllBackward" end time: Mar 07 23:20 CET
"NonEmptyQueue.RemoveAllBackward" time elapsed: 00:00:00
----------------------------------------------------------

18/24 Testing: NonEmptyQueue.RemoveAllForward
18/24 Test: NonEmptyQueue.RemoveAllForward
Command: "/mnt/d/prayforthatshit/ivs/ivs_project_1_2021/assignment/build/tdd_test" "--gtest_filter=NonEmptyQueue.RemoveAllForward"
Directory: /mnt/d/prayforthatshit/ivs/ivs_project_1_2021/assignment/build
"NonEmptyQueue.RemoveAllForward" start time: Mar 07 23:20 CET
Output:
----------------------------------------------------------
Running main() from /mnt/d/prayforthatshit/ivs/ivs_project_1_2021/assignment/build/googletest-master/googletest/src/gtest_main.cc
Note: Google Test filter = NonEmptyQueue.RemoveAllForward
[==========] Running 1 test from 1 test suite.
[----------] Global test environment set-up.
[----------] 1 test from NonEmptyQueue
[ RUN      ] NonEmptyQueue.RemoveAllForward
[       OK ] NonEmptyQueue.RemoveAllForward (0 ms)
[----------] 1 test from NonEmptyQueue (0 ms total)

[----------] Global test environment tear-down
[==========] 1 test from 1 test suite ran. (0 ms total)
[  PASSED  ] 1 test.
<end of output>
Test time =   0.08 sec
----------------------------------------------------------
Test Passed.
"NonEmptyQueue.RemoveAllForward" end time: Mar 07 23:20 CET
"NonEmptyQueue.RemoveAllForward" time elapsed: 00:00:00
----------------------------------------------------------

19/24 Testing: NonEmptyQueue.Find
19/24 Test: NonEmptyQueue.Find
Command: "/mnt/d/prayforthatshit/ivs/ivs_project_1_2021/assignment/build/tdd_test" "--gtest_filter=NonEmptyQueue.Find"
Directory: /mnt/d/prayforthatshit/ivs/ivs_project_1_2021/assignment/build
"NonEmptyQueue.Find" start time: Mar 07 23:20 CET
Output:
----------------------------------------------------------
Running main() from /mnt/d/prayforthatshit/ivs/ivs_project_1_2021/assignment/build/googletest-master/googletest/src/gtest_main.cc
Note: Google Test filter = NonEmptyQueue.Find
[==========] Running 1 test from 1 test suite.
[----------] Global test environment set-up.
[----------] 1 test from NonEmptyQueue
[ RUN      ] NonEmptyQueue.Find
[       OK ] NonEmptyQueue.Find (0 ms)
[----------] 1 test from NonEmptyQueue (0 ms total)

[----------] Global test environment tear-down
[==========] 1 test from 1 test suite ran. (0 ms total)
[  PASSED  ] 1 test.
<end of output>
Test time =   0.08 sec
----------------------------------------------------------
Test Passed.
"NonEmptyQueue.Find" end time: Mar 07 23:20 CET
"NonEmptyQueue.Find" time elapsed: 00:00:00
----------------------------------------------------------

20/24 Testing: NonEmptyQueue.Length
20/24 Test: NonEmptyQueue.Length
Command: "/mnt/d/prayforthatshit/ivs/ivs_project_1_2021/assignment/build/tdd_test" "--gtest_filter=NonEmptyQueue.Length"
Directory: /mnt/d/prayforthatshit/ivs/ivs_project_1_2021/assignment/build
"NonEmptyQueue.Length" start time: Mar 07 23:20 CET
Output:
----------------------------------------------------------
Running main() from /mnt/d/prayforthatshit/ivs/ivs_project_1_2021/assignment/build/googletest-master/googletest/src/gtest_main.cc
Note: Google Test filter = NonEmptyQueue.Length
[==========] Running 1 test from 1 test suite.
[----------] Global test environment set-up.
[----------] 1 test from NonEmptyQueue
[ RUN      ] NonEmptyQueue.Length
[       OK ] NonEmptyQueue.Length (0 ms)
[----------] 1 test from NonEmptyQueue (0 ms total)

[----------] Global test environment tear-down
[==========] 1 test from 1 test suite ran. (0 ms total)
[  PASSED  ] 1 test.
<end of output>
Test time =   0.08 sec
----------------------------------------------------------
Test Passed.
"NonEmptyQueue.Length" end time: Mar 07 23:20 CET
"NonEmptyQueue.Length" time elapsed: 00:00:00
----------------------------------------------------------

21/24 Testing: EmptyQueue.Insert
21/24 Test: EmptyQueue.Insert
Command: "/mnt/d/prayforthatshit/ivs/ivs_project_1_2021/assignment/build/tdd_test" "--gtest_filter=EmptyQueue.Insert"
Directory: /mnt/d/prayforthatshit/ivs/ivs_project_1_2021/assignment/build
"EmptyQueue.Insert" start time: Mar 07 23:20 CET
Output:
----------------------------------------------------------
Running main() from /mnt/d/prayforthatshit/ivs/ivs_project_1_2021/assignment/build/googletest-master/googletest/src/gtest_main.cc
Note: Google Test filter = EmptyQueue.Insert
[==========] Running 1 test from 1 test suite.
[----------] Global test environment set-up.
[----------] 1 test from EmptyQueue
[ RUN      ] EmptyQueue.Insert
[       OK ] EmptyQueue.Insert (0 ms)
[----------] 1 test from EmptyQueue (0 ms total)

[----------] Global test environment tear-down
[==========] 1 test from 1 test suite ran. (0 ms total)
[  PASSED  ] 1 test.
<end of output>
Test time =   0.08 sec
----------------------------------------------------------
Test Passed.
"EmptyQueue.Insert" end time: Mar 07 23:20 CET
"EmptyQueue.Insert" time elapsed: 00:00:00
----------------------------------------------------------

22/24 Testing: EmptyQueue.Remove
22/24 Test: EmptyQueue.Remove
Command: "/mnt/d/prayforthatshit/ivs/ivs_project_1_2021/assignment/build/tdd_test" "--gtest_filter=EmptyQueue.Remove"
Directory: /mnt/d/prayforthatshit/ivs/ivs_project_1_2021/assignment/build
"EmptyQueue.Remove" start time: Mar 07 23:20 CET
Output:
----------------------------------------------------------
Running main() from /mnt/d/prayforthatshit/ivs/ivs_project_1_2021/assignment/build/googletest-master/googletest/src/gtest_main.cc
Note: Google Test filter = EmptyQueue.Remove
[==========] Running 1 test from 1 test suite.
[----------] Global test environment set-up.
[----------] 1 test from EmptyQueue
[ RUN      ] EmptyQueue.Remove
[       OK ] EmptyQueue.Remove (0 ms)
[----------] 1 test from EmptyQueue (0 ms total)

[----------] Global test environment tear-down
[==========] 1 test from 1 test suite ran. (0 ms total)
[  PASSED  ] 1 test.
<end of output>
Test time =   0.08 sec
----------------------------------------------------------
Test Passed.
"EmptyQueue.Remove" end time: Mar 07 23:20 CET
"EmptyQueue.Remove" time elapsed: 00:00:00
----------------------------------------------------------

23/24 Testing: EmptyQueue.Find
23/24 Test: EmptyQueue.Find
Command: "/mnt/d/prayforthatshit/ivs/ivs_project_1_2021/assignment/build/tdd_test" "--gtest_filter=EmptyQueue.Find"
Directory: /mnt/d/prayforthatshit/ivs/ivs_project_1_2021/assignment/build
"EmptyQueue.Find" start time: Mar 07 23:20 CET
Output:
----------------------------------------------------------
Running main() from /mnt/d/prayforthatshit/ivs/ivs_project_1_2021/assignment/build/googletest-master/googletest/src/gtest_main.cc
Note: Google Test filter = EmptyQueue.Find
[==========] Running 1 test from 1 test suite.
[----------] Global test environment set-up.
[----------] 1 test from EmptyQueue
[ RUN      ] EmptyQueue.Find
[       OK ] EmptyQueue.Find (0 ms)
[----------] 1 test from EmptyQueue (0 ms total)

[----------] Global test environment tear-down
[==========] 1 test from 1 test suite ran. (0 ms total)
[  PASSED  ] 1 test.
<end of output>
Test time =   0.08 sec
----------------------------------------------------------
Test Passed.
"EmptyQueue.Find" end time: Mar 07 23:20 CET
"EmptyQueue.Find" time elapsed: 00:00:00
----------------------------------------------------------

24/24 Testing: EmptyQueue.Length
24/24 Test: EmptyQueue.Length
Command: "/mnt/d/prayforthatshit/ivs/ivs_project_1_2021/assignment/build/tdd_test" "--gtest_filter=EmptyQueue.Length"
Directory: /mnt/d/prayforthatshit/ivs/ivs_project_1_2021/assignment/build
"EmptyQueue.Length" start time: Mar 07 23:20 CET
Output:
----------------------------------------------------------
Running main() from /mnt/d/prayforthatshit/ivs/ivs_project_1_2021/assignment/build/googletest-master/googletest/src/gtest_main.cc
Note: Google Test filter = EmptyQueue.Length
[==========] Running 1 test from 1 test suite.
[----------] Global test environment set-up.
[----------] 1 test from EmptyQueue
[ RUN      ] EmptyQueue.Length
[       OK ] EmptyQueue.Length (0 ms)
[----------] 1 test from EmptyQueue (0 ms total)

[----------] Global test environment tear-down
[==========] 1 test from 1 test suite ran. (0 ms total)
[  PASSED  ] 1 test.
<end of output>
Test time =   0.08 sec
----------------------------------------------------------
Test Passed.
"EmptyQueue.Length" end time: Mar 07 23:20 CET
"EmptyQueue.Length" time elapsed: 00:00:00
----------------------------------------------------------

End testing: Mar 07 23:20 CET
